2025-03-01 08:02:11 INFO  Server started on port 8080
2025-03-01 08:02:12 INFO  Database connection established
2025-03-01 08:03:45 INFO  User login: admin
2025-03-01 08:05:30 WARNING Disk usage at 81%
2025-03-01 08:07:14 ERROR  Failed to write temp file: Permission denied
2025-03-01 08:09:02 INFO  Scheduled backup started
2025-03-01 08:11:50 ERROR  Backup failed: disk full
2025-03-01 08:12:01 WARNING Retry 1 of 3
2025-03-01 08:12:15 WARNING Retry 2 of 3
2025-03-01 08:12:30 ERROR  Backup aborted after 3 retries
2025-03-01 08:15:00 INFO  Health check OK
2025-03-01 09:00:00 INFO  Hourly report generated
2025-03-01 09:04:22 WARNING High memory usage: 92%
2025-03-01 09:07:38 ERROR  Worker process crashed (PID 4412)
2025-03-01 09:07:39 INFO  Restarting worker process
2025-03-01 09:07:41 INFO  Worker process restarted (PID 4489)
2025-03-01 09:15:00 INFO  Health check OK
2025-03-01 10:00:00 INFO  Hourly report generated
2025-03-01 10:22:10 ERROR  Connection timeout: db-replica-2
2025-03-01 10:22:11 WARNING Falling back to primary database
2025-03-01 10:45:33 INFO  Cache cleared
2025-03-01 11:00:00 INFO  Hourly report generated
2025-03-01 11:18:09 ERROR  SSL certificate expires in 7 days
2025-03-01 12:00:00 INFO  Hourly report generated
2025-03-01 12:00:01 INFO  Noon checkpoint passed
